2023-02-13 10:53:16.689  INFO 24400 --- [restartedMain] c.m.invoice.InvoiceApplication           : Starting InvoiceApplication using Java 11.0.17 on Artic with PID 24400 (C:\Users\Jonathan\Documents\GitHub\E-commerce-Backend\invoice\target\classes started by Jonathan in C:\Users\Jonathan\Documents\GitHub\E-commerce-Backend\invoice)
2023-02-13 10:53:16.692  INFO 24400 --- [restartedMain] c.m.invoice.InvoiceApplication           : The following 1 profile is active: "dev"
2023-02-13 10:53:16.726  INFO 24400 --- [restartedMain] o.s.c.c.c.ConfigServerConfigDataLoader   : Fetching config from server at : https://config-server-production-3c6d.up.railway.app
2023-02-13 10:53:16.731  INFO 24400 --- [restartedMain] o.s.c.c.c.ConfigServerConfigDataLoader   : Located environment: name=mcsv-invoice, profiles=[dev], label=null, version=468c52455f9d96e67ffef5437039210f12e241f3, state=null
2023-02-13 10:53:16.733  INFO 24400 --- [restartedMain] .e.DevToolsPropertyDefaultsPostProcessor : Devtools property defaults active! Set 'spring.devtools.add-properties' to 'false' to disable
2023-02-13 10:53:16.733  INFO 24400 --- [restartedMain] .e.DevToolsPropertyDefaultsPostProcessor : For additional web related logging consider setting the 'logging.level.web' property to 'DEBUG'
2023-02-13 10:53:17.685  INFO 24400 --- [restartedMain] .s.d.r.c.RepositoryConfigurationDelegate : Bootstrapping Spring Data JPA repositories in DEFAULT mode.
2023-02-13 10:53:17.752  INFO 24400 --- [restartedMain] .s.d.r.c.RepositoryConfigurationDelegate : Finished Spring Data repository scanning in 60 ms. Found 3 JPA repository interfaces.
2023-02-13 10:53:17.949  INFO 24400 --- [restartedMain] o.s.cloud.context.scope.GenericScope     : BeanFactory id=2e9322db-20e9-32e4-a200-ae5955fcda33
2023-02-13 10:53:18.408  INFO 24400 --- [restartedMain] o.s.b.w.embedded.tomcat.TomcatWebServer  : Tomcat initialized with port(s): 9091 (http)
2023-02-13 10:53:18.416  INFO 24400 --- [restartedMain] o.apache.catalina.core.StandardService   : Starting service [Tomcat]
2023-02-13 10:53:18.417  INFO 24400 --- [restartedMain] org.apache.catalina.core.StandardEngine  : Starting Servlet engine: [Apache Tomcat/9.0.71]
2023-02-13 10:53:18.551  INFO 24400 --- [restartedMain] o.a.c.c.C.[Tomcat].[localhost].[/]       : Initializing Spring embedded WebApplicationContext
2023-02-13 10:53:18.551  INFO 24400 --- [restartedMain] w.s.c.ServletWebServerApplicationContext : Root WebApplicationContext: initialization completed in 1817 ms
2023-02-13 10:53:18.791  INFO 24400 --- [restartedMain] o.hibernate.jpa.internal.util.LogHelper  : HHH000204: Processing PersistenceUnitInfo [name: default]
2023-02-13 10:53:18.828  INFO 24400 --- [restartedMain] org.hibernate.Version                    : HHH000412: Hibernate ORM core version 5.6.14.Final
2023-02-13 10:53:18.927  INFO 24400 --- [restartedMain] o.hibernate.annotations.common.Version   : HCANN000001: Hibernate Commons Annotations {5.1.2.Final}
2023-02-13 10:53:19.003  INFO 24400 --- [restartedMain] com.zaxxer.hikari.HikariDataSource       : HikariPool-1 - Starting...
2023-02-13 10:53:22.518  INFO 24400 --- [restartedMain] com.zaxxer.hikari.HikariDataSource       : HikariPool-1 - Start completed.
2023-02-13 10:53:22.530  INFO 24400 --- [restartedMain] org.hibernate.dialect.Dialect            : HHH000400: Using dialect: org.hibernate.dialect.PostgreSQLDialect
2023-02-13 10:53:24.253  INFO 24400 --- [restartedMain] o.h.e.t.j.p.i.JtaPlatformInitiator       : HHH000490: Using JtaPlatform implementation: [org.hibernate.engine.transaction.jta.platform.internal.NoJtaPlatform]
2023-02-13 10:53:24.260  INFO 24400 --- [restartedMain] j.LocalContainerEntityManagerFactoryBean : Initialized JPA EntityManagerFactory for persistence unit 'default'
2023-02-13 10:53:25.128  INFO 24400 --- [restartedMain] o.s.b.a.e.web.EndpointLinksResolver      : Exposing 18 endpoint(s) beneath base path '/actuator'
2023-02-13 10:53:25.162  WARN 24400 --- [restartedMain] JpaBaseConfiguration$JpaWebConfiguration : spring.jpa.open-in-view is enabled by default. Therefore, database queries may be performed during view rendering. Explicitly configure spring.jpa.open-in-view to disable this warning
2023-02-13 10:53:25.827  INFO 24400 --- [restartedMain] o.s.b.d.a.OptionalLiveReloadServer       : LiveReload server is running on port 35729
2023-02-13 10:53:25.930  INFO 24400 --- [restartedMain] DiscoveryClientOptionalArgsConfiguration : Eureka HTTP Client uses RestTemplate.
2023-02-13 10:53:25.978  WARN 24400 --- [restartedMain] iguration$LoadBalancerCaffeineWarnLogger : Spring Cloud LoadBalancer is currently working with the default cache. While this cache implementation is useful for development and tests, it's recommended to use Caffeine cache in production.You can switch to using Caffeine cache, by adding it and org.springframework.cache.caffeine.CaffeineCacheManager to the classpath.
2023-02-13 10:53:26.032  INFO 24400 --- [restartedMain] o.s.c.n.eureka.InstanceInfoFactory       : Setting initial instance status as: STARTING
2023-02-13 10:53:26.060  INFO 24400 --- [restartedMain] com.netflix.discovery.DiscoveryClient    : Initializing Eureka in region us-east-1
2023-02-13 10:53:26.064  INFO 24400 --- [restartedMain] c.n.d.s.r.aws.ConfigClusterResolver      : Resolving eureka endpoints via configuration
2023-02-13 10:53:26.082  INFO 24400 --- [restartedMain] com.netflix.discovery.DiscoveryClient    : Disable delta property : false
2023-02-13 10:53:26.082  INFO 24400 --- [restartedMain] com.netflix.discovery.DiscoveryClient    : Single vip registry refresh property : null
2023-02-13 10:53:26.083  INFO 24400 --- [restartedMain] com.netflix.discovery.DiscoveryClient    : Force full registry fetch : false
2023-02-13 10:53:26.083  INFO 24400 --- [restartedMain] com.netflix.discovery.DiscoveryClient    : Application is null : false
2023-02-13 10:53:26.083  INFO 24400 --- [restartedMain] com.netflix.discovery.DiscoveryClient    : Registered Applications size is zero : true
2023-02-13 10:53:26.083  INFO 24400 --- [restartedMain] com.netflix.discovery.DiscoveryClient    : Application version is -1: true
2023-02-13 10:53:26.083  INFO 24400 --- [restartedMain] com.netflix.discovery.DiscoveryClient    : Getting all instance registry info from the eureka server
2023-02-13 10:53:26.630  INFO 24400 --- [restartedMain] com.netflix.discovery.DiscoveryClient    : The response status is 200
2023-02-13 10:53:26.633  INFO 24400 --- [restartedMain] com.netflix.discovery.DiscoveryClient    : Starting heartbeat executor: renew interval is: 1
2023-02-13 10:53:26.636  INFO 24400 --- [restartedMain] c.n.discovery.InstanceInfoReplicator     : InstanceInfoReplicator onDemand update allowed rate per min is 4
2023-02-13 10:53:26.640  INFO 24400 --- [restartedMain] com.netflix.discovery.DiscoveryClient    : Discovery Client initialized at timestamp 1676303606639 with initial instances count: 8
2023-02-13 10:53:26.642  INFO 24400 --- [restartedMain] o.s.c.n.e.s.EurekaServiceRegistry        : Registering application MCSV-INVOICE with eureka with status UP
2023-02-13 10:53:26.642  INFO 24400 --- [restartedMain] com.netflix.discovery.DiscoveryClient    : Saw local status change event StatusChangeEvent [timestamp=1676303606642, current=UP, previous=STARTING]
2023-02-13 10:53:26.643  INFO 24400 --- [DiscoveryClient-InstanceInfoReplicator-0] com.netflix.discovery.DiscoveryClient    : DiscoveryClient_MCSV-INVOICE/mcsv-invoice:61de85006762157b49d64fc9ef6f50b6: registering service...
2023-02-13 10:53:26.663  INFO 24400 --- [restartedMain] o.s.b.w.embedded.tomcat.TomcatWebServer  : Tomcat started on port(s): 9091 (http) with context path ''
2023-02-13 10:53:26.664  INFO 24400 --- [restartedMain] .s.c.n.e.s.EurekaAutoServiceRegistration : Updating port to 9091
2023-02-13 10:53:26.776  INFO 24400 --- [restartedMain] c.m.invoice.InvoiceApplication           : Started InvoiceApplication in 11.818 seconds (JVM running for 12.66)
2023-02-13 10:53:27.077  INFO 24400 --- [DiscoveryClient-InstanceInfoReplicator-0] com.netflix.discovery.DiscoveryClient    : DiscoveryClient_MCSV-INVOICE/mcsv-invoice:61de85006762157b49d64fc9ef6f50b6 - registration status: 204
2023-02-13 10:53:27.103  INFO 24400 --- [RMI TCP Connection(5)-192.168.100.78] o.a.c.c.C.[Tomcat].[localhost].[/]       : Initializing Spring DispatcherServlet 'dispatcherServlet'
2023-02-13 10:53:27.103  INFO 24400 --- [RMI TCP Connection(5)-192.168.100.78] o.s.web.servlet.DispatcherServlet        : Initializing Servlet 'dispatcherServlet'
2023-02-13 10:53:27.105  INFO 24400 --- [RMI TCP Connection(5)-192.168.100.78] o.s.web.servlet.DispatcherServlet        : Completed initialization in 2 ms
